<?xml version="1.0" encoding="UTF-8"?>
<testng-results skipped="0" failed="0" ignored="0" total="2" passed="2">
  <reporter-output>
  </reporter-output>
  <suite name="Command line suite" duration-ms="11719" started-at="2021-05-23T16:59:12 BRT" finished-at="2021-05-23T16:59:23 BRT">
    <groups>
    </groups>
    <test name="Command line test" duration-ms="11719" started-at="2021-05-23T16:59:12 BRT" finished-at="2021-05-23T16:59:23 BRT">
      <class name="tests.TestCadastroComSucesso">
        <test-method status="PASS" signature="abrirNavegador()[pri:0, instance:tests.TestCadastroComSucesso@199d22e]" name="abrirNavegador" is-config="true" duration-ms="2715" started-at="2021-05-23T16:59:12 BRT" finished-at="2021-05-23T16:59:14 BRT">
          <reporter-output>
          </reporter-output>
        </test-method> <!-- abrirNavegador -->
        <test-method status="PASS" signature="fazerCadastro()[pri:0, instance:tests.TestCadastroComSucesso@199d22e]" name="fazerCadastro" duration-ms="752" started-at="2021-05-23T16:59:14 BRT" finished-at="2021-05-23T16:59:15 BRT">
          <reporter-output>
          </reporter-output>
        </test-method> <!-- fazerCadastro -->
      </class> <!-- tests.TestCadastroComSucesso -->
      <class name="tests.TestLogin">
        <test-method status="PASS" signature="abrirNavegador()[pri:0, instance:tests.TestLogin@17030a6]" name="abrirNavegador" is-config="true" duration-ms="2201" started-at="2021-05-23T16:59:15 BRT" finished-at="2021-05-23T16:59:17 BRT">
          <reporter-output>
          </reporter-output>
        </test-method> <!-- abrirNavegador -->
        <test-method status="PASS" signature="fazerLoginValido()[pri:0, instance:tests.TestLogin@17030a6]" name="fazerLoginValido" duration-ms="1348" started-at="2021-05-23T16:59:17 BRT" finished-at="2021-05-23T16:59:19 BRT">
          <reporter-output>
          </reporter-output>
        </test-method> <!-- fazerLoginValido -->
        <test-method status="PASS" signature="fecharNavegador()[pri:0, instance:tests.TestLogin@17030a6]" name="fecharNavegador" is-config="true" duration-ms="4680" started-at="2021-05-23T16:59:19 BRT" finished-at="2021-05-23T16:59:23 BRT">
          <reporter-output>
          </reporter-output>
        </test-method> <!-- fecharNavegador -->
      </class> <!-- tests.TestLogin -->
    </test> <!-- Command line test -->
  </suite> <!-- Command line suite -->
</testng-results>
